<?xml version="1.0" encoding="UTF-8"?>
<testng-results ignored="0" total="1" passed="1" failed="0" skipped="0">
  <reporter-output>
  </reporter-output>
  <suite started-at="2024-01-24T15:31:39 IST" name="Suite" finished-at="2024-01-24T15:31:55 IST" duration-ms="15438">
    <groups>
    </groups>
    <test started-at="2024-01-24T15:31:39 IST" name="Test" finished-at="2024-01-24T15:31:55 IST" duration-ms="15438">
      <class name="test.aaa">
        <test-method signature="tests()[pri:0, instance:test.aaa@22ff4249]" started-at="2024-01-24T15:31:39 IST" name="tests" finished-at="2024-01-24T15:31:55 IST" duration-ms="15284" status="PASS">
          <reporter-output>
          </reporter-output>
        </test-method> <!-- tests -->
      </class> <!-- test.aaa -->
    </test> <!-- Test -->
  </suite> <!-- Suite -->
</testng-results>
